timestamp: 2016-04-15T19:36:21.213393
CREATE TABLE auth_user(
    id INT AUTO_INCREMENT NOT NULL,
    first_name VARCHAR(128),
    last_name VARCHAR(128),
    email VARCHAR(512),
    password VARCHAR(512),
    registration_key VARCHAR(512),
    reset_password_key VARCHAR(512),
    registration_id VARCHAR(512),
    PRIMARY KEY (id)
) ENGINE=InnoDB CHARACTER SET utf8;
faked!
timestamp: 2016-04-15T19:36:21.214502
CREATE TABLE auth_group(
    id INT AUTO_INCREMENT NOT NULL,
    role VARCHAR(512),
    description LONGTEXT,
    PRIMARY KEY (id)
) ENGINE=InnoDB CHARACTER SET utf8;
faked!
timestamp: 2016-04-15T19:36:21.215678
CREATE TABLE auth_membership(
    id INT AUTO_INCREMENT NOT NULL,
    user_id INT, INDEX user_id__idx (user_id), FOREIGN KEY (user_id) REFERENCES auth_user (id) ON DELETE CASCADE,
    group_id INT, INDEX group_id__idx (group_id), FOREIGN KEY (group_id) REFERENCES auth_group (id) ON DELETE CASCADE,
    PRIMARY KEY (id)
) ENGINE=InnoDB CHARACTER SET utf8;
faked!
timestamp: 2016-04-15T19:36:21.216945
CREATE TABLE auth_permission(
    id INT AUTO_INCREMENT NOT NULL,
    group_id INT, INDEX group_id__idx (group_id), FOREIGN KEY (group_id) REFERENCES auth_group (id) ON DELETE CASCADE,
    name VARCHAR(512),
    table_name VARCHAR(512),
    record_id INT,
    PRIMARY KEY (id)
) ENGINE=InnoDB CHARACTER SET utf8;
faked!
timestamp: 2016-04-15T19:36:21.218319
CREATE TABLE auth_event(
    id INT AUTO_INCREMENT NOT NULL,
    time_stamp DATETIME,
    client_ip VARCHAR(512),
    user_id INT, INDEX user_id__idx (user_id), FOREIGN KEY (user_id) REFERENCES auth_user (id) ON DELETE CASCADE,
    origin VARCHAR(512),
    description LONGTEXT,
    PRIMARY KEY (id)
) ENGINE=InnoDB CHARACTER SET utf8;
faked!
timestamp: 2016-04-15T19:36:21.219740
CREATE TABLE auth_cas(
    id INT AUTO_INCREMENT NOT NULL,
    user_id INT, INDEX user_id__idx (user_id), FOREIGN KEY (user_id) REFERENCES auth_user (id) ON DELETE CASCADE,
    created_on DATETIME,
    service VARCHAR(512),
    ticket VARCHAR(512),
    renew CHAR(1),
    PRIMARY KEY (id)
) ENGINE=InnoDB CHARACTER SET utf8;
faked!
timestamp: 2016-04-15T19:36:21.222428
CREATE TABLE wiki_page(
    id INT AUTO_INCREMENT NOT NULL,
    slug VARCHAR(512),
    title VARCHAR(255) UNIQUE,
    body LONGTEXT NOT NULL,
    tags LONGTEXT,
    can_read LONGTEXT,
    can_edit LONGTEXT,
    changelog VARCHAR(512),
    html LONGTEXT,
    render VARCHAR(512),
    is_active CHAR(1),
    created_on DATETIME,
    created_by INT, INDEX created_by__idx (created_by), FOREIGN KEY (created_by) REFERENCES auth_user (id) ON DELETE CASCADE,
    modified_on DATETIME,
    modified_by INT, INDEX modified_by__idx (modified_by), FOREIGN KEY (modified_by) REFERENCES auth_user (id) ON DELETE CASCADE,
    PRIMARY KEY (id)
) ENGINE=InnoDB CHARACTER SET utf8;
faked!
timestamp: 2016-04-15T19:36:21.224439
CREATE TABLE wiki_tag(
    id INT AUTO_INCREMENT NOT NULL,
    name VARCHAR(512),
    wiki_page INT, INDEX wiki_page__idx (wiki_page), FOREIGN KEY (wiki_page) REFERENCES wiki_page (id) ON DELETE CASCADE,
    is_active CHAR(1),
    created_on DATETIME,
    created_by INT, INDEX created_by__idx (created_by), FOREIGN KEY (created_by) REFERENCES auth_user (id) ON DELETE CASCADE,
    modified_on DATETIME,
    modified_by INT, INDEX modified_by__idx (modified_by), FOREIGN KEY (modified_by) REFERENCES auth_user (id) ON DELETE CASCADE,
    PRIMARY KEY (id)
) ENGINE=InnoDB CHARACTER SET utf8;
faked!
timestamp: 2016-04-15T19:36:21.226371
CREATE TABLE wiki_media(
    id INT AUTO_INCREMENT NOT NULL,
    wiki_page INT, INDEX wiki_page__idx (wiki_page), FOREIGN KEY (wiki_page) REFERENCES wiki_page (id) ON DELETE CASCADE,
    title VARCHAR(512),
    filename VARCHAR(512),
    is_active CHAR(1),
    created_on DATETIME,
    created_by INT, INDEX created_by__idx (created_by), FOREIGN KEY (created_by) REFERENCES auth_user (id) ON DELETE CASCADE,
    modified_on DATETIME,
    modified_by INT, INDEX modified_by__idx (modified_by), FOREIGN KEY (modified_by) REFERENCES auth_user (id) ON DELETE CASCADE,
    PRIMARY KEY (id)
) ENGINE=InnoDB CHARACTER SET utf8;
faked!
timestamp: 2016-04-15T19:36:21.227759
CREATE TABLE stages(
    id INT AUTO_INCREMENT NOT NULL,
    experiment_id INT,
    stage_number INT,
    type_stage VARCHAR(512),
    message VARCHAR(512),
    PRIMARY KEY (id)
) ENGINE=InnoDB CHARACTER SET utf8;
faked!
timestamp: 2016-04-15T19:36:21.229299
CREATE TABLE experiment_participant(
    id INT AUTO_INCREMENT NOT NULL,
    experiment_id INT,
    participant_id INT,
    PRIMARY KEY (id)
) ENGINE=InnoDB CHARACTER SET utf8;
faked!
timestamp: 2016-04-15T19:36:21.230356
CREATE TABLE experiment(
    id INT AUTO_INCREMENT NOT NULL,
    title VARCHAR(512) UNIQUE,
    typeExperiment VARCHAR(512),
    rounds INT,
    PRIMARY KEY (id)
) ENGINE=InnoDB CHARACTER SET utf8;
faked!
timestamp: 2016-04-15T19:36:21.231234
CREATE TABLE participant(
    id INT AUTO_INCREMENT NOT NULL,
    IP VARCHAR(512),
    model_name VARCHAR(512),
    PRIMARY KEY (id)
) ENGINE=InnoDB CHARACTER SET utf8;
faked!
timestamp: 2016-04-15T19:36:21.232998
CREATE TABLE results(
    id INT AUTO_INCREMENT NOT NULL,
    experiment_id INT,
    participant_id INT,
    stage_id INT,
    round_id INT,
    name VARCHAR(512),
    contribution DOUBLE,
    payoff DOUBLE,
    total DOUBLE,
    PRIMARY KEY (id)
) ENGINE=InnoDB CHARACTER SET utf8;
faked!
timestamp: 2016-04-15T19:36:21.234113
CREATE TABLE setupExperiment(
    id INT AUTO_INCREMENT NOT NULL,
    experiment_id INT,
    name VARCHAR(512),
    valueString VARCHAR(512),
    PRIMARY KEY (id)
) ENGINE=InnoDB CHARACTER SET utf8;
faked!
